<?xml version="1.0" encoding="UTF-8"?>
<testng-results ignored="0" total="1" passed="1" failed="0" skipped="0">
  <reporter-output>
  </reporter-output>
  <suite started-at="2022-10-12T17:50:23 IST" name="Suite" finished-at="2022-10-12T17:50:46 IST" duration-ms="23141">
    <groups>
    </groups>
    <test started-at="2022-10-12T17:50:23 IST" name="Test" finished-at="2022-10-12T17:50:46 IST" duration-ms="23141">
      <class name="tests.Validation">
        <test-method is-config="true" signature="Chrome()[pri:0, instance:tests.Validation@7d4f9aae]" started-at="2022-10-12T17:50:23 IST" name="Chrome" finished-at="2022-10-12T17:50:33 IST" duration-ms="9106" status="PASS">
          <reporter-output>
          </reporter-output>
        </test-method> <!-- Chrome -->
        <test-method signature="validationOfDateAndCountry()[pri:0, instance:tests.Validation@7d4f9aae]" started-at="2022-10-12T17:50:33 IST" name="validationOfDateAndCountry" finished-at="2022-10-12T17:50:46 IST" duration-ms="13482" status="PASS">
          <reporter-output>
          </reporter-output>
        </test-method> <!-- validationOfDateAndCountry -->
        <test-method is-config="true" signature="CloseBrowser()[pri:0, instance:tests.Validation@7d4f9aae]" started-at="2022-10-12T17:50:46 IST" name="CloseBrowser" finished-at="2022-10-12T17:50:46 IST" duration-ms="479" status="PASS">
          <reporter-output>
          </reporter-output>
        </test-method> <!-- CloseBrowser -->
      </class> <!-- tests.Validation -->
    </test> <!-- Test -->
  </suite> <!-- Suite -->
</testng-results>
