<?xml version="1.0" encoding="UTF-8"?>
<testng-results ignored="0" total="1" passed="1" failed="0" skipped="0">
  <reporter-output>
  </reporter-output>
  <suite started-at="2022-10-11T18:48:33 IST" name="Default suite" finished-at="2022-10-11T18:48:49 IST" duration-ms="16266">
    <groups>
    </groups>
    <test started-at="2022-10-11T18:48:33 IST" name="Default test" finished-at="2022-10-11T18:48:49 IST" duration-ms="16266">
      <class name="tests.Validation">
        <test-method is-config="true" signature="Chrome()[pri:0, instance:tests.Validation@13fd2ccd]" started-at="2022-10-11T18:48:33 IST" name="Chrome" finished-at="2022-10-11T18:48:39 IST" duration-ms="6058" status="PASS">
          <reporter-output>
          </reporter-output>
        </test-method> <!-- Chrome -->
        <test-method signature="validationOfDateAndCountry()[pri:0, instance:tests.Validation@13fd2ccd]" started-at="2022-10-11T18:48:39 IST" name="validationOfDateAndCountry" finished-at="2022-10-11T18:48:49 IST" duration-ms="10128" status="PASS">
          <reporter-output>
          </reporter-output>
        </test-method> <!-- validationOfDateAndCountry -->
      </class> <!-- tests.Validation -->
    </test> <!-- Default test -->
  </suite> <!-- Default suite -->
</testng-results>
